0 info it worked if it ends with ok
1 verbose cli [ '/home/younghyun/.nvm/versions/node/v4.5.0/bin/node',
1 verbose cli   '/home/younghyun/.nvm/versions/node/v4.5.0/bin/npm',
1 verbose cli   'install' ]
2 info using npm@2.15.9
3 info using node@v4.5.0
4 verbose readDependencies loading dependencies from /home/younghyun/work/thingplus/thingplus-embedded-testapp/mosca/package.json
5 warn package.json mosca-test@1.0.0 No description
6 warn package.json mosca-test@1.0.0 No repository field.
7 warn package.json mosca-test@1.0.0 No README data
8 verbose install where, deps [ '/home/younghyun/work/thingplus/thingplus-embedded-testapp/mosca',
8 verbose install   [ 'mosca', 'mqtt' ] ]
9 verbose install where, peers [ '/home/younghyun/work/thingplus/thingplus-embedded-testapp/mosca',
9 verbose install   [] ]
10 verbose installManyTop reading for lifecycle /home/younghyun/work/thingplus/thingplus-embedded-testapp/mosca/package.json
11 info preinstall mosca-test@1.0.0
12 verbose readDependencies loading dependencies from /home/younghyun/work/thingplus/thingplus-embedded-testapp/mosca/package.json
13 silly cache add args [ 'mosca@file:mosca', null ]
14 verbose cache add spec mosca@file:mosca
15 silly cache add args [ 'mqtt@^2.0.1', null ]
16 verbose cache add spec mqtt@^2.0.1
17 silly cache add parsed spec Result {
17 silly cache add   raw: 'mqtt@^2.0.1',
17 silly cache add   scope: null,
17 silly cache add   name: 'mqtt',
17 silly cache add   rawSpec: '^2.0.1',
17 silly cache add   spec: '>=2.0.1 <3.0.0',
17 silly cache add   type: 'range' }
18 silly addNamed mqtt@>=2.0.1 <3.0.0
19 verbose addNamed ">=2.0.1 <3.0.0" is a valid semver range for mqtt
20 silly addNameRange { name: 'mqtt', range: '>=2.0.1 <3.0.0', hasData: false }
21 silly mapToRegistry name mqtt
22 silly mapToRegistry using default registry
23 silly mapToRegistry registry https://registry.npmjs.org/
24 silly mapToRegistry data Result {
24 silly mapToRegistry   raw: 'mqtt',
24 silly mapToRegistry   scope: null,
24 silly mapToRegistry   name: 'mqtt',
24 silly mapToRegistry   rawSpec: '',
24 silly mapToRegistry   spec: 'latest',
24 silly mapToRegistry   type: 'tag' }
25 silly mapToRegistry uri https://registry.npmjs.org/mqtt
26 verbose addNameRange registry:https://registry.npmjs.org/mqtt not in flight; fetching
27 silly cache add parsed spec Result {
27 silly cache add   raw: 'mosca@file:mosca',
27 silly cache add   scope: null,
27 silly cache add   name: 'mosca',
27 silly cache add   rawSpec: 'file:mosca',
27 silly cache add   spec: '/home/younghyun/work/thingplus/thingplus-embedded-testapp/mosca/mosca',
27 silly cache add   type: 'local' }
28 error addLocal Could not install /home/younghyun/work/thingplus/thingplus-embedded-testapp/mosca/mosca
29 verbose request uri https://registry.npmjs.org/mqtt
30 verbose request no auth needed
31 info attempt registry request try #1 at 17:44:50
32 verbose request id 46ef5839132a27f7
33 verbose etag "62IYD9WZERZWPQ3KC1HYQAI0J"
34 http request GET https://registry.npmjs.org/mqtt
35 http 304 https://registry.npmjs.org/mqtt
36 verbose headers { date: 'Thu, 03 Nov 2016 08:44:51 GMT',
36 verbose headers   via: '1.1 varnish',
36 verbose headers   'cache-control': 'max-age=300',
36 verbose headers   etag: '"62IYD9WZERZWPQ3KC1HYQAI0J"',
36 verbose headers   age: '0',
36 verbose headers   connection: 'keep-alive',
36 verbose headers   'x-served-by': 'cache-hkg6822-HKG',
36 verbose headers   'x-cache': 'HIT',
36 verbose headers   'x-cache-hits': '1',
36 verbose headers   'x-timer': 'S1478162691.228653,VS0,VE793',
36 verbose headers   vary: 'Accept-Encoding' }
37 silly get cb [ 304,
37 silly get   { date: 'Thu, 03 Nov 2016 08:44:51 GMT',
37 silly get     via: '1.1 varnish',
37 silly get     'cache-control': 'max-age=300',
37 silly get     etag: '"62IYD9WZERZWPQ3KC1HYQAI0J"',
37 silly get     age: '0',
37 silly get     connection: 'keep-alive',
37 silly get     'x-served-by': 'cache-hkg6822-HKG',
37 silly get     'x-cache': 'HIT',
37 silly get     'x-cache-hits': '1',
37 silly get     'x-timer': 'S1478162691.228653,VS0,VE793',
37 silly get     vary: 'Accept-Encoding' } ]
38 verbose etag https://registry.npmjs.org/mqtt from cache
39 verbose get saving mqtt to /home/younghyun/.npm/registry.npmjs.org/mqtt/.cache.json
40 verbose correctMkdir /home/younghyun/.npm correctMkdir not in flight; initializing
41 silly addNameRange number 2 { name: 'mqtt', range: '>=2.0.1 <3.0.0', hasData: true }
42 silly addNameRange versions [ 'mqtt',
42 silly addNameRange   [ '0.1.8',
42 silly addNameRange     '0.2.0',
42 silly addNameRange     '0.2.1',
42 silly addNameRange     '0.2.2',
42 silly addNameRange     '0.2.3',
42 silly addNameRange     '0.2.4',
42 silly addNameRange     '0.2.5',
42 silly addNameRange     '0.2.6',
42 silly addNameRange     '0.2.7',
42 silly addNameRange     '0.2.8',
42 silly addNameRange     '0.2.9',
42 silly addNameRange     '0.2.10',
42 silly addNameRange     '0.2.11',
42 silly addNameRange     '0.3.0',
42 silly addNameRange     '0.3.1',
42 silly addNameRange     '0.3.2',
42 silly addNameRange     '0.3.3',
42 silly addNameRange     '0.3.4',
42 silly addNameRange     '0.3.5',
42 silly addNameRange     '0.3.6',
42 silly addNameRange     '0.3.7',
42 silly addNameRange     '0.3.8',
42 silly addNameRange     '0.3.9',
42 silly addNameRange     '0.3.10',
42 silly addNameRange     '0.3.11',
42 silly addNameRange     '0.3.12',
42 silly addNameRange     '0.3.13',
42 silly addNameRange     '1.0.0-pre.1',
42 silly addNameRange     '1.0.0-pre.2',
42 silly addNameRange     '1.0.0-pre.3',
42 silly addNameRange     '1.0.0-pre.4',
42 silly addNameRange     '1.0.0-pre.5',
42 silly addNameRange     '1.0.0-pre.6',
42 silly addNameRange     '1.0.0',
42 silly addNameRange     '1.0.1',
42 silly addNameRange     '1.0.2',
42 silly addNameRange     '1.0.3',
42 silly addNameRange     '1.0.4',
42 silly addNameRange     '1.0.5',
42 silly addNameRange     '1.0.6',
42 silly addNameRange     '1.0.7',
42 silly addNameRange     '1.0.8',
42 silly addNameRange     '1.0.9',
42 silly addNameRange     '1.0.10',
42 silly addNameRange     '1.0.11',
42 silly addNameRange     '1.1.0',
42 silly addNameRange     '1.1.1',
42 silly addNameRange     '1.1.2',
42 silly addNameRange     '1.1.3',
42 silly addNameRange     '1.1.4',
42 silly addNameRange     '1.1.5',
42 silly addNameRange     '1.2.0',
42 silly addNameRange     '1.2.1',
42 silly addNameRange     '1.3.0',
42 silly addNameRange     '1.3.1',
42 silly addNameRange     '1.3.2',
42 silly addNameRange     '1.3.3',
42 silly addNameRange     '1.3.4',
42 silly addNameRange     '1.3.5',
42 silly addNameRange     '1.4.0',
42 silly addNameRange     '1.4.1',
42 silly addNameRange     '1.4.2',
42 silly addNameRange     '1.4.3',
42 silly addNameRange     '1.5.0',
42 silly addNameRange     '1.6.0',
42 silly addNameRange     '1.6.1',
42 silly addNameRange     '1.6.2',
42 silly addNameRange     '1.6.3',
42 silly addNameRange     '1.7.0',
42 silly addNameRange     '1.7.2',
42 silly addNameRange     '1.7.3',
42 silly addNameRange     '1.7.4',
42 silly addNameRange     '1.7.5',
42 silly addNameRange     '1.8.0',
42 silly addNameRange     '1.9.0',
42 silly addNameRange     '1.10.0',
42 silly addNameRange     '1.11.0',
42 silly addNameRange     '1.11.1',
42 silly addNameRange     '1.11.2',
42 silly addNameRange     '1.12.0',
42 silly addNameRange     '1.13.0',
42 silly addNameRange     '1.14.0',
42 silly addNameRange     '1.14.1',
42 silly addNameRange     '2.0.0',
42 silly addNameRange     '2.0.1' ] ]
43 silly addNamed mqtt@2.0.1
44 verbose addNamed "2.0.1" is a plain semver version for mqtt
45 silly cache afterAdd mqtt@2.0.1
46 verbose afterAdd /home/younghyun/.npm/mqtt/2.0.1/package/package.json not in flight; writing
47 verbose correctMkdir /home/younghyun/.npm correctMkdir not in flight; initializing
48 verbose afterAdd /home/younghyun/.npm/mqtt/2.0.1/package/package.json written
49 verbose stack Error: ENOENT: no such file or directory, open '/home/younghyun/work/thingplus/thingplus-embedded-testapp/mosca/mosca'
49 verbose stack     at Error (native)
50 verbose cwd /home/younghyun/work/thingplus/thingplus-embedded-testapp/mosca
51 error Linux 4.4.0-42-generic
52 error argv "/home/younghyun/.nvm/versions/node/v4.5.0/bin/node" "/home/younghyun/.nvm/versions/node/v4.5.0/bin/npm" "install"
53 error node v4.5.0
54 error npm  v2.15.9
55 error path /home/younghyun/work/thingplus/thingplus-embedded-testapp/mosca/mosca
56 error code ENOENT
57 error errno -2
58 error syscall open
59 error enoent ENOENT: no such file or directory, open '/home/younghyun/work/thingplus/thingplus-embedded-testapp/mosca/mosca'
59 error enoent This is most likely not a problem with npm itself
59 error enoent and is related to npm not being able to find a file.
60 verbose exit [ -2, true ]
